=== STARTING DAO GOVERNANCE LIFECYCLE DEMO ===
Deployer Wallet: 0xf39Fd6e51aad88F6F4ce6aB8827279cffFb92266
Governor Contract: 0x2279B7A0a67DB372996a5FaB50D91eAA73d2eBe6
Timelock Contract: 0xa513E6E4b8f2a923D98304ec87F64353C4D5C853

[Step 1] Minting tokens to self and delegating voting power...
SUCCESS: Tokens minted and delegated. Current Votes: 100000000000000000000000

[Step 2] Formulating proposal to update metadata...

[Step 3] Submitting proposal to Governor...
SUCCESS: Proposal submitted! Proposal ID: 86396149679502491985443651821854480643377579145185984330409283933629859909242

[Step 4] Warping past voting delay...
Voting Delay (blocks): 86400
Proposal State (1 = Active): 1

[Step 5] Casting 'FOR' vote...
SUCCESS: Vote cast successfully.

[Step 6] Warping past voting period...
Voting Period (blocks): 604800
Proposal State (4 = Succeeded): 4

[Step 7] Queueing proposal in Timelock...
Proposal State (5 = Queued): 5

[Step 8] Warping past Timelock enforcement delay...

[Step 9] Executing DAO Proposal...
Proposal State (7 = Executed): 7

[Step 10] Verifying protocol state change...
Expected URI: ipfs://QmDAOApprovedNewMetadataURI
Actual URI:   ipfs://QmDAOApprovedNewMetadataURI

=======================================================
DAO GOVERNANCE LIFECYCLE DEMO SUCCESSFULLY COMPLETED!
The entire lifecycle has run end-to-end flawlessly.
=======================================================
